# JRE version: OpenJDK Runtime Environment (8.0_112-b06) (build 1.8.0_112-release-b06)
# Java VM: OpenJDK 64-Bit Server VM (25.112-b06 mixed mode linux-amd64 compressed oops)
Heap:
 PSYoungGen      total 228864K, used 14847K [0x00000000e0000000, 0x00000000ef700000, 0x0000000100000000)
  eden space 207360K, 0% used [0x00000000e0000000,0x00000000e0000000,0x00000000eca80000)
  from space 21504K, 69% used [0x00000000eca80000,0x00000000ed8fffb0,0x00000000edf80000)
  to   space 14336K, 0% used [0x00000000edf80000,0x00000000edf80000,0x00000000eed80000)
 ParOldGen       total 84480K, used 42560K [0x00000000a0000000, 0x00000000a5280000, 0x00000000e0000000)
  object space 84480K, 50% used [0x00000000a0000000,0x00000000a2990360,0x00000000a5280000)
 Metaspace       used 61807K, capacity 63738K, committed 63920K, reserved 1103872K
  class space    used 8199K, capacity 8610K, committed 8624K, reserved 1048576K
GC Heap History (10 events):
Event: 7,602 GC heap after
Heap after GC invocations=11 (full 1):
 PSYoungGen      total 168448K, used 5083K [0x00000000e0000000, 0x00000000eb980000, 0x0000000100000000)
  eden space 157696K, 0% used [0x00000000e0000000,0x00000000e0000000,0x00000000e9a00000)
  from space 10752K, 47% used [0x00000000ea400000,0x00000000ea8f6f58,0x00000000eae80000)
  to   space 10240K, 0% used [0x00000000e9a00000,0x00000000e9a00000,0x00000000ea400000)
 ParOldGen       total 29184K, used 12469K [0x00000000a0000000, 0x00000000a1c80000, 0x00000000e0000000)
  object space 29184K, 42% used [0x00000000a0000000,0x00000000a0c2d400,0x00000000a1c80000)
 Metaspace       used 34756K, capacity 35326K, committed 35496K, reserved 1079296K
  class space    used 4648K, capacity 4823K, committed 4912K, reserved 1048576K
}
Event: 7,602 GC heap before
{Heap before GC invocations=12 (full 2):
 PSYoungGen      total 168448K, used 5083K [0x00000000e0000000, 0x00000000eb980000, 0x0000000100000000)
  eden space 157696K, 0% used [0x00000000e0000000,0x00000000e0000000,0x00000000e9a00000)
  from space 10752K, 47% used [0x00000000ea400000,0x00000000ea8f6f58,0x00000000eae80000)
  to   space 10240K, 0% used [0x00000000e9a00000,0x00000000e9a00000,0x00000000ea400000)
 ParOldGen       total 29184K, used 12469K [0x00000000a0000000, 0x00000000a1c80000, 0x00000000e0000000)
  object space 29184K, 42% used [0x00000000a0000000,0x00000000a0c2d400,0x00000000a1c80000)
 Metaspace       used 34756K, capacity 35326K, committed 35496K, reserved 1079296K
  class space    used 4648K, capacity 4823K, committed 4912K, reserved 1048576K
Event: 7,802 GC heap after
Heap after GC invocations=12 (full 2):
 PSYoungGen      total 168448K, used 0K [0x00000000e0000000, 0x00000000eb980000, 0x0000000100000000)
  eden space 157696K, 0% used [0x00000000e0000000,0x00000000e0000000,0x00000000e9a00000)
  from space 10752K, 0% used [0x00000000ea400000,0x00000000ea400000,0x00000000eae80000)
  to   space 10240K, 0% used [0x00000000e9a00000,0x00000000e9a00000,0x00000000ea400000)
 ParOldGen       total 43520K, used 14609K [0x00000000a0000000, 0x00000000a2a80000, 0x00000000e0000000)
  object space 43520K, 33% used [0x00000000a0000000,0x00000000a0e447f0,0x00000000a2a80000)
 Metaspace       used 34756K, capacity 35326K, committed 35496K, reserved 1079296K
  class space    used 4648K, capacity 4823K, committed 4912K, reserved 1048576K
}
Event: 11,235 GC heap before
{Heap before GC invocations=13 (full 2):
 PSYoungGen      total 168448K, used 157696K [0x00000000e0000000, 0x00000000eb980000, 0x0000000100000000)
  eden space 157696K, 100% used [0x00000000e0000000,0x00000000e9a00000,0x00000000e9a00000)
  from space 10752K, 0% used [0x00000000ea400000,0x00000000ea400000,0x00000000eae80000)
  to   space 10240K, 0% used [0x00000000e9a00000,0x00000000e9a00000,0x00000000ea400000)
 ParOldGen       total 43520K, used 14609K [0x00000000a0000000, 0x00000000a2a80000, 0x00000000e0000000)
  object space 43520K, 33% used [0x00000000a0000000,0x00000000a0e447f0,0x00000000a2a80000)
 Metaspace       used 46135K, capacity 47496K, committed 47664K, reserved 1089536K
  class space    used 6289K, capacity 6611K, committed 6704K, reserved 1048576K
Event: 11,276 GC heap after
Heap after GC invocations=13 (full 2):
 PSYoungGen      total 167936K, used 10224K [0x00000000e0000000, 0x00000000eed80000, 0x0000000100000000)
  eden space 157696K, 0% used [0x00000000e0000000,0x00000000e0000000,0x00000000e9a00000)
  from space 10240K, 99% used [0x00000000e9a00000,0x00000000ea3fc008,0x00000000ea400000)
  to   space 14336K, 0% used [0x00000000edf80000,0x00000000edf80000,0x00000000eed80000)
 ParOldGen       total 43520K, used 21026K [0x00000000a0000000, 0x00000000a2a80000, 0x00000000e0000000)
  object space 43520K, 48% used [0x00000000a0000000,0x00000000a1488ae0,0x00000000a2a80000)
 Metaspace       used 46135K, capacity 47496K, committed 47664K, reserved 1089536K
  class space    used 6289K, capacity 6611K, committed 6704K, reserved 1048576K
}
Event: 15,067 GC heap before
{Heap before GC invocations=14 (full 2):
 PSYoungGen      total 167936K, used 167920K [0x00000000e0000000, 0x00000000eed80000, 0x0000000100000000)
  eden space 157696K, 100% used [0x00000000e0000000,0x00000000e9a00000,0x00000000e9a00000)
  from space 10240K, 99% used [0x00000000e9a00000,0x00000000ea3fc008,0x00000000ea400000)
  to   space 14336K, 0% used [0x00000000edf80000,0x00000000edf80000,0x00000000eed80000)
 ParOldGen       total 43520K, used 21026K [0x00000000a0000000, 0x00000000a2a80000, 0x00000000e0000000)
  object space 43520K, 48% used [0x00000000a0000000,0x00000000a1488ae0,0x00000000a2a80000)
 Metaspace       used 56533K, capacity 58172K, committed 58416K, reserved 1099776K
  class space    used 7580K, capacity 7943K, committed 7984K, reserved 1048576K
Event: 15,113 GC heap after
Heap after GC invocations=14 (full 2):
 PSYoungGen      total 221696K, used 14328K [0x00000000e0000000, 0x00000000ef700000, 0x0000000100000000)
  eden space 207360K, 0% used [0x00000000e0000000,0x00000000e0000000,0x00000000eca80000)
  from space 14336K, 99% used [0x00000000edf80000,0x00000000eed7e3a0,0x00000000eed80000)
  to   space 21504K, 0% used [0x00000000eca80000,0x00000000eca80000,0x00000000edf80000)
 ParOldGen       total 43520K, used 35033K [0x00000000a0000000, 0x00000000a2a80000, 0x00000000e0000000)
  object space 43520K, 80% used [0x00000000a0000000,0x00000000a2236410,0x00000000a2a80000)
 Metaspace       used 56533K, capacity 58172K, committed 58416K, reserved 1099776K
  class space    used 7580K, capacity 7943K, committed 7984K, reserved 1048576K
}
Event: 15,113 GC heap before
{Heap before GC invocations=15 (full 3):
 PSYoungGen      total 221696K, used 14328K [0x00000000e0000000, 0x00000000ef700000, 0x0000000100000000)
  eden space 207360K, 0% used [0x00000000e0000000,0x00000000e0000000,0x00000000eca80000)
  from space 14336K, 99% used [0x00000000edf80000,0x00000000eed7e3a0,0x00000000eed80000)
  to   space 21504K, 0% used [0x00000000eca80000,0x00000000eca80000,0x00000000edf80000)
 ParOldGen       total 43520K, used 35033K [0x00000000a0000000, 0x00000000a2a80000, 0x00000000e0000000)
  object space 43520K, 80% used [0x00000000a0000000,0x00000000a2236410,0x00000000a2a80000)
 Metaspace       used 56533K, capacity 58172K, committed 58416K, reserved 1099776K
  class space    used 7580K, capacity 7943K, committed 7984K, reserved 1048576K
Event: 15,383 GC heap after
Heap after GC invocations=15 (full 3):
 PSYoungGen      total 221696K, used 0K [0x00000000e0000000, 0x00000000ef700000, 0x0000000100000000)
  eden space 207360K, 0% used [0x00000000e0000000,0x00000000e0000000,0x00000000eca80000)
  from space 14336K, 0% used [0x00000000edf80000,0x00000000edf80000,0x00000000eed80000)
  to   space 21504K, 0% used [0x00000000eca80000,0x00000000eca80000,0x00000000edf80000)
 ParOldGen       total 84480K, used 42552K [0x00000000a0000000, 0x00000000a5280000, 0x00000000e0000000)
  object space 84480K, 50% used [0x00000000a0000000,0x00000000a298e360,0x00000000a5280000)
 Metaspace       used 56531K, capacity 58166K, committed 58416K, reserved 1099776K
  class space    used 7579K, capacity 7942K, committed 7984K, reserved 1048576K
}
Event: 17,504 GC heap before
{Heap before GC invocations=16 (full 3):
 PSYoungGen      total 221696K, used 206936K [0x00000000e0000000, 0x00000000ef700000, 0x0000000100000000)
  eden space 207360K, 99% used [0x00000000e0000000,0x00000000eca162f0,0x00000000eca80000)
  from space 14336K, 0% used [0x00000000edf80000,0x00000000edf80000,0x00000000eed80000)
  to   space 21504K, 0% used [0x00000000eca80000,0x00000000eca80000,0x00000000edf80000)
 ParOldGen       total 84480K, used 42552K [0x00000000a0000000, 0x00000000a5280000, 0x00000000e0000000)
  object space 84480K, 50% used [0x00000000a0000000,0x00000000a298e360,0x00000000a5280000)
 Metaspace       used 61807K, capacity 63738K, committed 63920K, reserved 1103872K
  class space    used 8199K, capacity 8610K, committed 8624K, reserved 1048576K

